20:59:03 **** Incremental Build of configuration Debug for project TrafficLight ****
make -j4 all 
arm-none-eabi-gcc "../Src/main.c" -mcpu=cortex-m4 -std=gnu11 -g3 -DDEBUG -DSTM32 -DSTM32F407G_DISC1 -DSTM32F4 -DSTM32F407VGTx -c -I../Inc -O0 -ffunction-sections -fdata-sections -Wall -fstack-usage -fcyclomatic-complexity -MMD -MP -MF"Src/main.d" -MT"Src/main.o" --specs=nano.specs -mfpu=fpv4-sp-d16 -mfloat-abi=hard -mthumb -o "Src/main.o"
arm-none-eabi-gcc "../Src/stm32f4xx_hal_msp.c" -mcpu=cortex-m4 -std=gnu11 -g3 -DDEBUG -DSTM32 -DSTM32F407G_DISC1 -DSTM32F4 -DSTM32F407VGTx -c -I../Inc -O0 -ffunction-sections -fdata-sections -Wall -fstack-usage -fcyclomatic-complexity -MMD -MP -MF"Src/stm32f4xx_hal_msp.d" -MT"Src/stm32f4xx_hal_msp.o" --specs=nano.specs -mfpu=fpv4-sp-d16 -mfloat-abi=hard -mthumb -o "Src/stm32f4xx_hal_msp.o"
arm-none-eabi-gcc "../Src/stm32f4xx_it.c" -mcpu=cortex-m4 -std=gnu11 -g3 -DDEBUG -DSTM32 -DSTM32F407G_DISC1 -DSTM32F4 -DSTM32F407VGTx -c -I../Inc -O0 -ffunction-sections -fdata-sections -Wall -fstack-usage -fcyclomatic-complexity -MMD -MP -MF"Src/stm32f4xx_it.d" -MT"Src/stm32f4xx_it.o" --specs=nano.specs -mfpu=fpv4-sp-d16 -mfloat-abi=hard -mthumb -o "Src/stm32f4xx_it.o"
arm-none-eabi-gcc "../Src/syscalls.c" -mcpu=cortex-m4 -std=gnu11 -g3 -DDEBUG -DSTM32 -DSTM32F407G_DISC1 -DSTM32F4 -DSTM32F407VGTx -c -I../Inc -O0 -ffunction-sections -fdata-sections -Wall -fstack-usage -fcyclomatic-complexity -MMD -MP -MF"Src/syscalls.d" -MT"Src/syscalls.o" --specs=nano.specs -mfpu=fpv4-sp-d16 -mfloat-abi=hard -mthumb -o "Src/syscalls.o"
In file included from ../Src/main.c:20:
../Inc/main.h:30:10: fatal error: stm32f4xx_hal.h: No such file or directory
   30 | #include "stm32f4xx_hal.h"
      |          ^~~~~~~~~~~~~~~~~
compilation terminated.
In file included from ../Src/stm32f4xx_hal_msp.c:21:
../Inc/main.h:30:10: fatal error: stm32f4xx_hal.h: No such file or directory
   30 | #include "stm32f4xx_hal.h"
      |          ^~~~~~~~~~~~~~~~~
compilation terminated.
In file included from ../Src/stm32f4xx_it.c:21:
../Inc/main.h:30:10: fatal error: stm32f4xx_hal.h: No such file or directory
   30 | #include "stm32f4xx_hal.h"
      |          ^~~~~~~~~~~~~~~~~
compilation terminated.
make: *** [Src/subdir.mk:34: Src/main.o] Error 1
make: *** Waiting for unfinished jobs....
make: *** [Src/subdir.mk:34: Src/stm32f4xx_hal_msp.o] Error 1
make: *** [Src/subdir.mk:34: Src/stm32f4xx_it.o] Error 1
"make -j4 all" terminated with exit code 2. Build might be incomplete.

20:59:03 Build Failed. 7 errors, 0 warnings. (took 599ms)

